

Microchip MPLAB XC8 Assembler V2.32 build 20210201212658 
                                                                                               Sun May 23 15:32:40 2021

Microchip MPLAB XC8 C Compiler v2.32 (Free license) build 20210201212658 Og1 
     1                           	processor	16F18323
     2                           	pagewidth 120
     3                           	opt	flic
     4                           	psect	cinit,global,class=CODE,merge=1,delta=2
     5                           	psect	cstackCOMMON,global,class=COMMON,space=1,delta=1,noexec
     6                           	psect	maintext,global,class=CODE,merge=1,split=1,delta=2
     7                           	dabs	1,0x7E,2
     8  0000                     
     9                           ; Version 2.30
    10                           ; Generated 15/09/2020 GMT
    11                           ; 
    12                           ; Copyright © 2020, Microchip Technology Inc. and its subsidiaries ("Microchip")
    13                           ; All rights reserved.
    14                           ; 
    15                           ; This software is developed by Microchip Technology Inc. and its subsidiaries ("Microch
      +                          ip").
    16                           ; 
    17                           ; Redistribution and use in source and binary forms, with or without modification, are
    18                           ; permitted provided that the following conditions are met:
    19                           ; 
    20                           ;     1. Redistributions of source code must retain the above copyright notice, this lis
      +                          t of
    21                           ;        conditions and the following disclaimer.
    22                           ; 
    23                           ;     2. Redistributions in binary form must reproduce the above copyright notice, this 
      +                          list
    24                           ;        of conditions and the following disclaimer in the documentation and/or other
    25                           ;        materials provided with the distribution. Publication is not required when
    26                           ;        this file is used in an embedded application.
    27                           ; 
    28                           ;     3. Microchip's name may not be used to endorse or promote products derived from th
      +                          is
    29                           ;        software without specific prior written permission.
    30                           ; 
    31                           ; THIS SOFTWARE IS PROVIDED BY MICROCHIP "AS IS" AND ANY EXPRESS OR IMPLIED WARRANTIES,
    32                           ; INCLUDING, BUT NOT LIMITED TO, THE IMPLIED WARRANTIES OF MERCHANTABILITY AND FITNESS F
      +                          OR
    33                           ; PURPOSE ARE DISCLAIMED.  IN NO EVENT SHALL MICROCHIP BE LIABLE FOR ANY DIRECT, INDIREC
      +                          T,
    34                           ; INCIDENTAL, SPECIAL, EXEMPLARY, OR CONSEQUENTIAL DAMAGES (INCLUDING BUT NOT LIMITED TO
    35                           ; PROCUREMENT OF SUBSTITUTE GOODS OR SERVICES; LOSS OF USE, DATA OR PROFITS; OR BUSINESS
    36                           ; INTERRUPTION) HOWSOEVER CAUSED AND ON ANY THEORY OF LIABILITY, WHETHER IN CONTRACT, ST
      +                          RICT
    37                           ; LIABILITY, OR TORT (INCLUDING NEGLIGENCE OR OTHERWISE) ARISING IN ANY WAY OUT OF THE U
      +                          SE OF
    38                           ; THIS SOFTWARE, EVEN IF ADVISED OF THE POSSIBILITY OF SUCH DAMAGE.
    39                           ; 
    40                           ; 
    41                           ; Code-generator required, PIC16F18323 Definitions
    42                           ; 
    43                           ; SFR Addresses
    44  0000                     	;# 
    45  0001                     	;# 
    46  0002                     	;# 
    47  0003                     	;# 
    48  0004                     	;# 
    49  0005                     	;# 
    50  0006                     	;# 
    51  0007                     	;# 
    52  0008                     	;# 
    53  0009                     	;# 
    54  000A                     	;# 
    55  000B                     	;# 
    56  000C                     	;# 
    57  000E                     	;# 
    58  0010                     	;# 
    59  0011                     	;# 
    60  0012                     	;# 
    61  0013                     	;# 
    62  0014                     	;# 
    63  0015                     	;# 
    64  0015                     	;# 
    65  0016                     	;# 
    66  0016                     	;# 
    67  0017                     	;# 
    68  0018                     	;# 
    69  0019                     	;# 
    70  0019                     	;# 
    71  001A                     	;# 
    72  001B                     	;# 
    73  001C                     	;# 
    74  001D                     	;# 
    75  001E                     	;# 
    76  001F                     	;# 
    77  008C                     	;# 
    78  008E                     	;# 
    79  0090                     	;# 
    80  0091                     	;# 
    81  0092                     	;# 
    82  0093                     	;# 
    83  0094                     	;# 
    84  0097                     	;# 
    85  009B                     	;# 
    86  009B                     	;# 
    87  009C                     	;# 
    88  009D                     	;# 
    89  009E                     	;# 
    90  009F                     	;# 
    91  010C                     	;# 
    92  010E                     	;# 
    93  0111                     	;# 
    94  0112                     	;# 
    95  0113                     	;# 
    96  0114                     	;# 
    97  0115                     	;# 
    98  0116                     	;# 
    99  0117                     	;# 
   100  0118                     	;# 
   101  0119                     	;# 
   102  018C                     	;# 
   103  018E                     	;# 
   104  0197                     	;# 
   105  0199                     	;# 
   106  0199                     	;# 
   107  0199                     	;# 
   108  019A                     	;# 
   109  019A                     	;# 
   110  019A                     	;# 
   111  019B                     	;# 
   112  019B                     	;# 
   113  019B                     	;# 
   114  019B                     	;# 
   115  019B                     	;# 
   116  019C                     	;# 
   117  019C                     	;# 
   118  019C                     	;# 
   119  019D                     	;# 
   120  019D                     	;# 
   121  019D                     	;# 
   122  019E                     	;# 
   123  019E                     	;# 
   124  019E                     	;# 
   125  019F                     	;# 
   126  019F                     	;# 
   127  019F                     	;# 
   128  019F                     	;# 
   129  019F                     	;# 
   130  020C                     	;# 
   131  020E                     	;# 
   132  0211                     	;# 
   133  0211                     	;# 
   134  0212                     	;# 
   135  0212                     	;# 
   136  0213                     	;# 
   137  0213                     	;# 
   138  0214                     	;# 
   139  0214                     	;# 
   140  0215                     	;# 
   141  0215                     	;# 
   142  0215                     	;# 
   143  0215                     	;# 
   144  0216                     	;# 
   145  0216                     	;# 
   146  0217                     	;# 
   147  0217                     	;# 
   148  028C                     	;# 
   149  028E                     	;# 
   150  0291                     	;# 
   151  0291                     	;# 
   152  0292                     	;# 
   153  0293                     	;# 
   154  0294                     	;# 
   155  0295                     	;# 
   156  0295                     	;# 
   157  0296                     	;# 
   158  0297                     	;# 
   159  0298                     	;# 
   160  030C                     	;# 
   161  030E                     	;# 
   162  038C                     	;# 
   163  038E                     	;# 
   164  0391                     	;# 
   165  0392                     	;# 
   166  0393                     	;# 
   167  0397                     	;# 
   168  0398                     	;# 
   169  0399                     	;# 
   170  039A                     	;# 
   171  039C                     	;# 
   172  039D                     	;# 
   173  039E                     	;# 
   174  039F                     	;# 
   175  0498                     	;# 
   176  0498                     	;# 
   177  0499                     	;# 
   178  049A                     	;# 
   179  049B                     	;# 
   180  049B                     	;# 
   181  049C                     	;# 
   182  049D                     	;# 
   183  049E                     	;# 
   184  049F                     	;# 
   185  0617                     	;# 
   186  0618                     	;# 
   187  0619                     	;# 
   188  0619                     	;# 
   189  061A                     	;# 
   190  061B                     	;# 
   191  061C                     	;# 
   192  061C                     	;# 
   193  0691                     	;# 
   194  0692                     	;# 
   195  0693                     	;# 
   196  0694                     	;# 
   197  0695                     	;# 
   198  0696                     	;# 
   199  0697                     	;# 
   200  0698                     	;# 
   201  0699                     	;# 
   202  0891                     	;# 
   203  0891                     	;# 
   204  0891                     	;# 
   205  0891                     	;# 
   206  0891                     	;# 
   207  0891                     	;# 
   208  0892                     	;# 
   209  0892                     	;# 
   210  0892                     	;# 
   211  0893                     	;# 
   212  0893                     	;# 
   213  0893                     	;# 
   214  0893                     	;# 
   215  0893                     	;# 
   216  0893                     	;# 
   217  0894                     	;# 
   218  0894                     	;# 
   219  0894                     	;# 
   220  0895                     	;# 
   221  0895                     	;# 
   222  0895                     	;# 
   223  0896                     	;# 
   224  0896                     	;# 
   225  0896                     	;# 
   226  089B                     	;# 
   227  0911                     	;# 
   228  0912                     	;# 
   229  0913                     	;# 
   230  0914                     	;# 
   231  0915                     	;# 
   232  0916                     	;# 
   233  0918                     	;# 
   234  0919                     	;# 
   235  091A                     	;# 
   236  091B                     	;# 
   237  091C                     	;# 
   238  091D                     	;# 
   239  091E                     	;# 
   240  091F                     	;# 
   241  0E0F                     	;# 
   242  0E10                     	;# 
   243  0E11                     	;# 
   244  0E12                     	;# 
   245  0E13                     	;# 
   246  0E14                     	;# 
   247  0E15                     	;# 
   248  0E18                     	;# 
   249  0E1A                     	;# 
   250  0E1B                     	;# 
   251  0E1C                     	;# 
   252  0E20                     	;# 
   253  0E21                     	;# 
   254  0E22                     	;# 
   255  0E24                     	;# 
   256  0E25                     	;# 
   257  0E28                     	;# 
   258  0E29                     	;# 
   259  0E2A                     	;# 
   260  0E2B                     	;# 
   261  0E90                     	;# 
   262  0E91                     	;# 
   263  0E92                     	;# 
   264  0E94                     	;# 
   265  0E95                     	;# 
   266  0EA0                     	;# 
   267  0EA1                     	;# 
   268  0EA2                     	;# 
   269  0EA3                     	;# 
   270  0EA4                     	;# 
   271  0EA5                     	;# 
   272  0F0F                     	;# 
   273  0F10                     	;# 
   274  0F11                     	;# 
   275  0F12                     	;# 
   276  0F13                     	;# 
   277  0F14                     	;# 
   278  0F15                     	;# 
   279  0F16                     	;# 
   280  0F17                     	;# 
   281  0F18                     	;# 
   282  0F19                     	;# 
   283  0F1A                     	;# 
   284  0F1B                     	;# 
   285  0F1C                     	;# 
   286  0F1D                     	;# 
   287  0F1E                     	;# 
   288  0F1F                     	;# 
   289  0F20                     	;# 
   290  0F21                     	;# 
   291  0F22                     	;# 
   292  0F23                     	;# 
   293  0FE4                     	;# 
   294  0FE5                     	;# 
   295  0FE6                     	;# 
   296  0FE7                     	;# 
   297  0FE8                     	;# 
   298  0FE9                     	;# 
   299  0FEA                     	;# 
   300  0FEB                     	;# 
   301  0FED                     	;# 
   302  0FEE                     	;# 
   303  0FEF                     	;# 
   304  0000                     	;# 
   305  0001                     	;# 
   306  0002                     	;# 
   307  0003                     	;# 
   308  0004                     	;# 
   309  0005                     	;# 
   310  0006                     	;# 
   311  0007                     	;# 
   312  0008                     	;# 
   313  0009                     	;# 
   314  000A                     	;# 
   315  000B                     	;# 
   316  000C                     	;# 
   317  000E                     	;# 
   318  0010                     	;# 
   319  0011                     	;# 
   320  0012                     	;# 
   321  0013                     	;# 
   322  0014                     	;# 
   323  0015                     	;# 
   324  0015                     	;# 
   325  0016                     	;# 
   326  0016                     	;# 
   327  0017                     	;# 
   328  0018                     	;# 
   329  0019                     	;# 
   330  0019                     	;# 
   331  001A                     	;# 
   332  001B                     	;# 
   333  001C                     	;# 
   334  001D                     	;# 
   335  001E                     	;# 
   336  001F                     	;# 
   337  008C                     	;# 
   338  008E                     	;# 
   339  0090                     	;# 
   340  0091                     	;# 
   341  0092                     	;# 
   342  0093                     	;# 
   343  0094                     	;# 
   344  0097                     	;# 
   345  009B                     	;# 
   346  009B                     	;# 
   347  009C                     	;# 
   348  009D                     	;# 
   349  009E                     	;# 
   350  009F                     	;# 
   351  010C                     	;# 
   352  010E                     	;# 
   353  0111                     	;# 
   354  0112                     	;# 
   355  0113                     	;# 
   356  0114                     	;# 
   357  0115                     	;# 
   358  0116                     	;# 
   359  0117                     	;# 
   360  0118                     	;# 
   361  0119                     	;# 
   362  018C                     	;# 
   363  018E                     	;# 
   364  0197                     	;# 
   365  0199                     	;# 
   366  0199                     	;# 
   367  0199                     	;# 
   368  019A                     	;# 
   369  019A                     	;# 
   370  019A                     	;# 
   371  019B                     	;# 
   372  019B                     	;# 
   373  019B                     	;# 
   374  019B                     	;# 
   375  019B                     	;# 
   376  019C                     	;# 
   377  019C                     	;# 
   378  019C                     	;# 
   379  019D                     	;# 
   380  019D                     	;# 
   381  019D                     	;# 
   382  019E                     	;# 
   383  019E                     	;# 
   384  019E                     	;# 
   385  019F                     	;# 
   386  019F                     	;# 
   387  019F                     	;# 
   388  019F                     	;# 
   389  019F                     	;# 
   390  020C                     	;# 
   391  020E                     	;# 
   392  0211                     	;# 
   393  0211                     	;# 
   394  0212                     	;# 
   395  0212                     	;# 
   396  0213                     	;# 
   397  0213                     	;# 
   398  0214                     	;# 
   399  0214                     	;# 
   400  0215                     	;# 
   401  0215                     	;# 
   402  0215                     	;# 
   403  0215                     	;# 
   404  0216                     	;# 
   405  0216                     	;# 
   406  0217                     	;# 
   407  0217                     	;# 
   408  028C                     	;# 
   409  028E                     	;# 
   410  0291                     	;# 
   411  0291                     	;# 
   412  0292                     	;# 
   413  0293                     	;# 
   414  0294                     	;# 
   415  0295                     	;# 
   416  0295                     	;# 
   417  0296                     	;# 
   418  0297                     	;# 
   419  0298                     	;# 
   420  030C                     	;# 
   421  030E                     	;# 
   422  038C                     	;# 
   423  038E                     	;# 
   424  0391                     	;# 
   425  0392                     	;# 
   426  0393                     	;# 
   427  0397                     	;# 
   428  0398                     	;# 
   429  0399                     	;# 
   430  039A                     	;# 
   431  039C                     	;# 
   432  039D                     	;# 
   433  039E                     	;# 
   434  039F                     	;# 
   435  0498                     	;# 
   436  0498                     	;# 
   437  0499                     	;# 
   438  049A                     	;# 
   439  049B                     	;# 
   440  049B                     	;# 
   441  049C                     	;# 
   442  049D                     	;# 
   443  049E                     	;# 
   444  049F                     	;# 
   445  0617                     	;# 
   446  0618                     	;# 
   447  0619                     	;# 
   448  0619                     	;# 
   449  061A                     	;# 
   450  061B                     	;# 
   451  061C                     	;# 
   452  061C                     	;# 
   453  0691                     	;# 
   454  0692                     	;# 
   455  0693                     	;# 
   456  0694                     	;# 
   457  0695                     	;# 
   458  0696                     	;# 
   459  0697                     	;# 
   460  0698                     	;# 
   461  0699                     	;# 
   462  0891                     	;# 
   463  0891                     	;# 
   464  0891                     	;# 
   465  0891                     	;# 
   466  0891                     	;# 
   467  0891                     	;# 
   468  0892                     	;# 
   469  0892                     	;# 
   470  0892                     	;# 
   471  0893                     	;# 
   472  0893                     	;# 
   473  0893                     	;# 
   474  0893                     	;# 
   475  0893                     	;# 
   476  0893                     	;# 
   477  0894                     	;# 
   478  0894                     	;# 
   479  0894                     	;# 
   480  0895                     	;# 
   481  0895                     	;# 
   482  0895                     	;# 
   483  0896                     	;# 
   484  0896                     	;# 
   485  0896                     	;# 
   486  089B                     	;# 
   487  0911                     	;# 
   488  0912                     	;# 
   489  0913                     	;# 
   490  0914                     	;# 
   491  0915                     	;# 
   492  0916                     	;# 
   493  0918                     	;# 
   494  0919                     	;# 
   495  091A                     	;# 
   496  091B                     	;# 
   497  091C                     	;# 
   498  091D                     	;# 
   499  091E                     	;# 
   500  091F                     	;# 
   501  0E0F                     	;# 
   502  0E10                     	;# 
   503  0E11                     	;# 
   504  0E12                     	;# 
   505  0E13                     	;# 
   506  0E14                     	;# 
   507  0E15                     	;# 
   508  0E18                     	;# 
   509  0E1A                     	;# 
   510  0E1B                     	;# 
   511  0E1C                     	;# 
   512  0E20                     	;# 
   513  0E21                     	;# 
   514  0E22                     	;# 
   515  0E24                     	;# 
   516  0E25                     	;# 
   517  0E28                     	;# 
   518  0E29                     	;# 
   519  0E2A                     	;# 
   520  0E2B                     	;# 
   521  0E90                     	;# 
   522  0E91                     	;# 
   523  0E92                     	;# 
   524  0E94                     	;# 
   525  0E95                     	;# 
   526  0EA0                     	;# 
   527  0EA1                     	;# 
   528  0EA2                     	;# 
   529  0EA3                     	;# 
   530  0EA4                     	;# 
   531  0EA5                     	;# 
   532  0F0F                     	;# 
   533  0F10                     	;# 
   534  0F11                     	;# 
   535  0F12                     	;# 
   536  0F13                     	;# 
   537  0F14                     	;# 
   538  0F15                     	;# 
   539  0F16                     	;# 
   540  0F17                     	;# 
   541  0F18                     	;# 
   542  0F19                     	;# 
   543  0F1A                     	;# 
   544  0F1B                     	;# 
   545  0F1C                     	;# 
   546  0F1D                     	;# 
   547  0F1E                     	;# 
   548  0F1F                     	;# 
   549  0F20                     	;# 
   550  0F21                     	;# 
   551  0F22                     	;# 
   552  0F23                     	;# 
   553  0FE4                     	;# 
   554  0FE5                     	;# 
   555  0FE6                     	;# 
   556  0FE7                     	;# 
   557  0FE8                     	;# 
   558  0FE9                     	;# 
   559  0FEA                     	;# 
   560  0FEB                     	;# 
   561  0FED                     	;# 
   562  0FEE                     	;# 
   563  0FEF                     	;# 
   564                           
   565                           	psect	cinit
   566  07FE                     start_initialization:	
   567                           ; #config settings
   568                           
   569  07FE                     __initialization:
   570  07FE                     end_of_initialization:	
   571                           ;End of C runtime variable initialization code
   572                           
   573  07FE                     __end_of__initialization:
   574  07FE  0020               	movlb	0
   575  07FF  2FFD               	ljmp	_main	;jump to C main() function
   576                           
   577                           	psect	cstackCOMMON
   578  0000                     __pcstackCOMMON:
   579  0000                     ?_main:
   580  0000                     ??_main:	
   581                           ; 1 bytes @ 0x0
   582                           
   583                           
   584                           	psect	maintext
   585  07FD                     __pmaintext:	
   586                           ; 1 bytes @ 0x0
   587 ;;
   588 ;;Main: autosize = 0, tempsize = 0, incstack = 0, save=0
   589 ;;
   590 ;; *************** function _main *****************
   591 ;; Defined at:
   592 ;;		line 11 in file "newmain.c"
   593 ;; Parameters:    Size  Location     Type
   594 ;;		None
   595 ;; Auto vars:     Size  Location     Type
   596 ;;		None
   597 ;; Return value:  Size  Location     Type
   598 ;;                  1    wreg      void 
   599 ;; Registers used:
   600 ;;		None
   601 ;; Tracked objects:
   602 ;;		On entry : B1F/0
   603 ;;		On exit  : 0/0
   604 ;;		Unchanged: 0/0
   605 ;; Data sizes:     COMMON   BANK0   BANK1   BANK2
   606 ;;      Params:         0       0       0       0
   607 ;;      Locals:         0       0       0       0
   608 ;;      Temps:          0       0       0       0
   609 ;;      Totals:         0       0       0       0
   610 ;;Total ram usage:        0 bytes
   611 ;; This function calls:
   612 ;;		Nothing
   613 ;; This function is called by:
   614 ;;		Startup code after reset
   615 ;; This function uses a non-reentrant model
   616 ;;
   617                           
   618                           
   619                           ;psect for function _main
   620  07FD                     _main:
   621  07FD                     l615:	
   622                           ;incstack = 0
   623                           ; Regs used in _main: []
   624                           
   625  07FD                     l5:	
   626                           ;newmain.c: 12:     return;
   627                           
   628  07FD  2801               	ljmp	start
   629  07FE                     __end_of_main:
   630  007E                     btemp	set	126	;btemp
   631  007E                     wtemp0	set	126

Data Sizes:
    Strings     0
    Constant    0
    Data        0
    BSS         0
    Persistent  32
    Stack       0

Auto Spaces:
    Space          Size  Autos    Used
    COMMON           14      0       0
    BANK0            80      0       0
    BANK1            80      0       0
    BANK2            80      0       0

Pointer List with Targets:

    None.

Critical Paths under _main in COMMON

    None.

Critical Paths under _main in BANK0

    None.

Critical Paths under _main in BANK1

    None.

Critical Paths under _main in BANK2

    None.

Call Graph Tables:

 ---------------------------------------------------------------------------------
 (Depth) Function   	        Calls       Base Space   Used Autos Params    Refs
 ---------------------------------------------------------------------------------
 (0) _main                                                 0     0      0       0
 ---------------------------------------------------------------------------------
 Estimated maximum stack depth 0
 ---------------------------------------------------------------------------------

 Call Graph Graphs:

 _main (ROOT)

 Address spaces:
Name               Size   Autos  Total    Cost      Usage
BIGRAM              F0      0       0       0        0.0%
EEDATA             100      0       0       0        0.0%
NULL                 0      0       0       0        0.0%
CODE                 0      0       0       0        0.0%
BITCOMMON            E      0       0       1        0.0%
BITSFR0              0      0       0       1        0.0%
SFR0                 0      0       0       1        0.0%
COMMON               E      0       0       2        0.0%
BITSFR1              0      0       0       2        0.0%
SFR1                 0      0       0       2        0.0%
BITSFR2              0      0       0       3        0.0%
SFR2                 0      0       0       3        0.0%
STACK                0      0       0       3        0.0%
BITSFR3              0      0       0       4        0.0%
SFR3                 0      0       0       4        0.0%
ABS                  0      0       0       4        0.0%
BITBANK0            50      0       0       5        0.0%
BITSFR4              0      0       0       5        0.0%
SFR4                 0      0       0       5        0.0%
BANK0               50      0       0       6        0.0%
BITSFR5              0      0       0       6        0.0%
SFR5                 0      0       0       6        0.0%
BITBANK1            50      0       0       7        0.0%
BITSFR6              0      0       0       7        0.0%
SFR6                 0      0       0       7        0.0%
BANK1               50      0       0       8        0.0%
BITSFR7              0      0       0       8        0.0%
SFR7                 0      0       0       8        0.0%
BITBANK2            50      0       0       9        0.0%
BITSFR8              0      0       0       9        0.0%
SFR8                 0      0       0       9        0.0%
BANK2               50      0       0      10        0.0%
BITSFR9              0      0       0      10        0.0%
SFR9                 0      0       0      10        0.0%
BITSFR10             0      0       0      11        0.0%
SFR10                0      0       0      11        0.0%
DATA                 0      0       0      11        0.0%
BITSFR11             0      0       0      12        0.0%
SFR11                0      0       0      12        0.0%
BITSFR12             0      0       0      13        0.0%
SFR12                0      0       0      13        0.0%
BITSFR13             0      0       0      14        0.0%
SFR13                0      0       0      14        0.0%
BITSFR14             0      0       0      15        0.0%
SFR14                0      0       0      15        0.0%
BITSFR15             0      0       0      16        0.0%
SFR15                0      0       0      16        0.0%
BITSFR16             0      0       0      17        0.0%
SFR16                0      0       0      17        0.0%
BITSFR17             0      0       0      18        0.0%
SFR17                0      0       0      18        0.0%
BITSFR18             0      0       0      19        0.0%
SFR18                0      0       0      19        0.0%
BITSFR19             0      0       0      20        0.0%
SFR19                0      0       0      20        0.0%
BITSFR20             0      0       0      21        0.0%
SFR20                0      0       0      21        0.0%
BITSFR21             0      0       0      22        0.0%
SFR21                0      0       0      22        0.0%
BITSFR22             0      0       0      23        0.0%
SFR22                0      0       0      23        0.0%
BITSFR23             0      0       0      24        0.0%
SFR23                0      0       0      24        0.0%
BITSFR24             0      0       0      25        0.0%
SFR24                0      0       0      25        0.0%
BITSFR25             0      0       0      26        0.0%
SFR25                0      0       0      26        0.0%
BITSFR26             0      0       0      27        0.0%
SFR26                0      0       0      27        0.0%
BITSFR27             0      0       0      28        0.0%
SFR27                0      0       0      28        0.0%
BITSFR28             0      0       0      29        0.0%
SFR28                0      0       0      29        0.0%
BITSFR29             0      0       0      30        0.0%
SFR29                0      0       0      30        0.0%
BITSFR30             0      0       0      31        0.0%
SFR30                0      0       0      31        0.0%
BITSFR31             0      0       0      32        0.0%
SFR31                0      0       0      32        0.0%


Microchip Technology PIC Macro Assembler V2.32 build 20210201212658 
Symbol Table                                                                                   Sun May 23 15:32:40 2021

                      l5 07FD                      l615 07FD                     _main 07FD  
                   btemp 007E                     start 0001                    ?_main 0000  
                  wtemp0 007E          __initialization 07FE             __end_of_main 07FE  
                 ??_main 0000  __end_of__initialization 07FE           __pcstackCOMMON 0000  
             __pmaintext 07FD     end_of_initialization 07FE      start_initialization 07FE  
              ___latbits 0000            __size_of_main 0001  
